16:32:08.448 [main] TRACE io.netty.channel.nio.NioEventLoop - instrumented a special java.util.Set into: sun.nio.ch.WindowsSelectorImpl@2d272b0d
16:32:08.459 [main] TRACE io.netty.channel.nio.NioEventLoop - instrumented a special java.util.Set into: sun.nio.ch.WindowsSelectorImpl@1a2909ae
16:32:08.463 [main] TRACE io.netty.channel.nio.NioEventLoop - instrumented a special java.util.Set into: sun.nio.ch.WindowsSelectorImpl@e042c99
16:32:08.465 [main] TRACE io.netty.channel.nio.NioEventLoop - instrumented a special java.util.Set into: sun.nio.ch.WindowsSelectorImpl@3f702946
16:32:08.466 [main] TRACE io.netty.channel.nio.NioEventLoop - instrumented a special java.util.Set into: sun.nio.ch.WindowsSelectorImpl@42b6d0cc
16:32:08.468 [main] TRACE io.netty.channel.nio.NioEventLoop - instrumented a special java.util.Set into: sun.nio.ch.WindowsSelectorImpl@1000d54d
16:32:08.470 [main] TRACE io.netty.channel.nio.NioEventLoop - instrumented a special java.util.Set into: sun.nio.ch.WindowsSelectorImpl@3f4f5330
16:32:08.517 [main] DEBUG io.netty.buffer.PooledByteBufAllocator - -Dio.netty.allocator.numHeapArenas: 8
16:32:08.517 [main] DEBUG io.netty.buffer.PooledByteBufAllocator - -Dio.netty.allocator.numDirectArenas: 8
16:32:08.517 [main] DEBUG io.netty.buffer.PooledByteBufAllocator - -Dio.netty.allocator.pageSize: 8192
16:32:08.517 [main] DEBUG io.netty.buffer.PooledByteBufAllocator - -Dio.netty.allocator.maxOrder: 11
16:32:08.517 [main] DEBUG io.netty.buffer.PooledByteBufAllocator - -Dio.netty.allocator.chunkSize: 16777216
16:32:08.517 [main] DEBUG io.netty.buffer.PooledByteBufAllocator - -Dio.netty.allocator.smallCacheSize: 256
16:32:08.518 [main] DEBUG io.netty.buffer.PooledByteBufAllocator - -Dio.netty.allocator.normalCacheSize: 64
16:32:08.518 [main] DEBUG io.netty.buffer.PooledByteBufAllocator - -Dio.netty.allocator.maxCachedBufferCapacity: 32768
16:32:08.518 [main] DEBUG io.netty.buffer.PooledByteBufAllocator - -Dio.netty.allocator.cacheTrimInterval: 8192
16:32:08.518 [main] DEBUG io.netty.buffer.PooledByteBufAllocator - -Dio.netty.allocator.cacheTrimIntervalMillis: 0
16:32:08.518 [main] DEBUG io.netty.buffer.PooledByteBufAllocator - -Dio.netty.allocator.useCacheForAllThreads: true
16:32:08.518 [main] DEBUG io.netty.buffer.PooledByteBufAllocator - -Dio.netty.allocator.maxCachedByteBuffersPerChunk: 1023
16:32:08.542 [main] DEBUG io.netty.buffer.ByteBufUtil - -Dio.netty.allocator.type: pooled
16:32:08.542 [main] DEBUG io.netty.buffer.ByteBufUtil - -Dio.netty.threadLocalDirectBufferSize: 0
16:32:08.542 [main] DEBUG io.netty.buffer.ByteBufUtil - -Dio.netty.maxThreadLocalCharBufferSize: 16384
16:32:09.513 [Forwarding newSession on session null to remote] DEBUG io.netty.channel.DefaultChannelId - -Dio.netty.processId: 11104 (auto-detected)
16:32:09.516 [Forwarding newSession on session null to remote] DEBUG io.netty.util.NetUtil - -Djava.net.preferIPv4Stack: false
16:32:09.517 [Forwarding newSession on session null to remote] DEBUG io.netty.util.NetUtil - -Djava.net.preferIPv6Addresses: false
16:32:09.533 [Forwarding newSession on session null to remote] DEBUG io.netty.util.NetUtilInitializations - Loopback interface: lo (Software Loopback Interface 1, 127.0.0.1)
16:32:09.535 [Forwarding newSession on session null to remote] DEBUG io.netty.util.NetUtil - Failed to get SOMAXCONN from sysctl and file \proc\sys\net\core\somaxconn. Default: 200
16:32:09.585 [Forwarding newSession on session null to remote] DEBUG io.netty.channel.DefaultChannelId - -Dio.netty.machineId: 7c:7a:91:ff:fe:c5:e1:49 (auto-detected)
16:32:09.642 [AsyncHttpClient-1-2] DEBUG io.netty.buffer.AbstractByteBuf - -Dio.netty.buffer.checkAccessible: true
16:32:09.642 [AsyncHttpClient-1-2] DEBUG io.netty.buffer.AbstractByteBuf - -Dio.netty.buffer.checkBounds: true
16:32:09.642 [AsyncHttpClient-1-2] DEBUG io.netty.util.ResourceLeakDetectorFactory - Loaded default ResourceLeakDetector: io.netty.util.ResourceLeakDetector@671a5467
16:32:09.671 [AsyncHttpClient-1-2] DEBUG io.netty.util.Recycler - -Dio.netty.recycler.maxCapacityPerThread: 4096
16:32:09.671 [AsyncHttpClient-1-2] DEBUG io.netty.util.Recycler - -Dio.netty.recycler.maxSharedCapacityFactor: 2
16:32:09.671 [AsyncHttpClient-1-2] DEBUG io.netty.util.Recycler - -Dio.netty.recycler.linkCapacity: 16
16:32:09.671 [AsyncHttpClient-1-2] DEBUG io.netty.util.Recycler - -Dio.netty.recycler.ratio: 8
16:32:09.671 [AsyncHttpClient-1-2] DEBUG io.netty.util.Recycler - -Dio.netty.recycler.delayedQueue.ratio: 8
16:32:10.566 [main] DEBUG io.netty.util.internal.ThreadLocalRandom - -Dio.netty.initialSeedUniquifier: 0xc11f39a92740ea7f
16:32:10.619 [main] INFO  testCases.TC_001_AccountRegistration - Launched Chrome Browser
16:32:10.662 [main] INFO  testCases.TC_001_AccountRegistration -  Starting TC_001_AccountRegistration 
16:32:12.232 [main] INFO  testCases.TC_001_AccountRegistration - Home Page Displayed 
16:32:12.772 [main] INFO  testCases.TC_001_AccountRegistration - Clicked on My Account 
16:32:13.397 [main] INFO  testCases.TC_001_AccountRegistration - Clicked on Register 
16:32:13.504 [main] INFO  testCases.TC_001_AccountRegistration - Provided First Name 
16:32:13.602 [main] INFO  testCases.TC_001_AccountRegistration - Provided Last Name 
16:32:13.699 [main] INFO  testCases.TC_001_AccountRegistration - Provided Email 
16:32:13.778 [main] INFO  testCases.TC_001_AccountRegistration - Provided Telephone 
16:32:13.858 [main] INFO  testCases.TC_001_AccountRegistration - Provided Password 
16:32:13.936 [main] INFO  testCases.TC_001_AccountRegistration - Provided Confrmed Password 
16:32:14.002 [main] INFO  testCases.TC_001_AccountRegistration - Set Privacy Policy 
16:32:14.933 [main] INFO  testCases.TC_001_AccountRegistration - Clicked on Continue 
16:32:14.978 [main] ERROR testCases.TC_001_AccountRegistration - Account Registration Failed 
16:35:28.725 [main] DEBUG io.netty.util.internal.logging.InternalLoggerFactory - Using Log4J2 as the default logging framework
16:35:28.735 [main] DEBUG io.netty.util.ResourceLeakDetector - -Dio.netty.leakDetection.level: simple
16:35:28.736 [main] DEBUG io.netty.util.ResourceLeakDetector - -Dio.netty.leakDetection.targetRecords: 4
16:35:28.742 [main] DEBUG io.netty.util.ResourceLeakDetectorFactory - Loaded default ResourceLeakDetector: io.netty.util.ResourceLeakDetector@19b047fe
16:35:28.765 [main] DEBUG io.netty.util.internal.PlatformDependent - Platform: Windows
16:35:28.768 [main] DEBUG io.netty.util.internal.PlatformDependent0 - -Dio.netty.noUnsafe: false
16:35:28.768 [main] DEBUG io.netty.util.internal.PlatformDependent0 - Java version: 15
16:35:28.769 [main] DEBUG io.netty.util.internal.PlatformDependent0 - sun.misc.Unsafe.theUnsafe: available
16:35:28.770 [main] DEBUG io.netty.util.internal.PlatformDependent0 - sun.misc.Unsafe.copyMemory: available
16:35:28.771 [main] DEBUG io.netty.util.internal.PlatformDependent0 - java.nio.Buffer.address: available
16:35:28.772 [main] DEBUG io.netty.util.internal.PlatformDependent0 - direct buffer constructor: unavailable
java.lang.UnsupportedOperationException: Reflective setAccessible(true) disabled
	at io.netty.util.internal.ReflectionUtil.trySetAccessible(ReflectionUtil.java:31) ~[netty-common-4.1.58.Final.jar:4.1.58.Final]
	at io.netty.util.internal.PlatformDependent0$4.run(PlatformDependent0.java:238) ~[netty-common-4.1.58.Final.jar:4.1.58.Final]
	at java.security.AccessController.doPrivileged(AccessController.java:312) ~[?:?]
	at io.netty.util.internal.PlatformDependent0.<clinit>(PlatformDependent0.java:232) ~[netty-common-4.1.58.Final.jar:4.1.58.Final]
	at io.netty.util.internal.PlatformDependent.isAndroid(PlatformDependent.java:293) ~[netty-common-4.1.58.Final.jar:4.1.58.Final]
	at io.netty.util.internal.PlatformDependent.<clinit>(PlatformDependent.java:92) ~[netty-common-4.1.58.Final.jar:4.1.58.Final]
	at io.netty.util.HashedWheelTimer.<init>(HashedWheelTimer.java:109) ~[netty-common-4.1.58.Final.jar:4.1.58.Final]
	at io.netty.util.HashedWheelTimer.<init>(HashedWheelTimer.java:218) ~[netty-common-4.1.58.Final.jar:4.1.58.Final]
	at io.netty.util.HashedWheelTimer.<init>(HashedWheelTimer.java:197) ~[netty-common-4.1.58.Final.jar:4.1.58.Final]
	at org.asynchttpclient.DefaultAsyncHttpClient.newNettyTimer(DefaultAsyncHttpClient.java:111) ~[async-http-client-2.12.2.jar:?]
	at org.asynchttpclient.DefaultAsyncHttpClient.<init>(DefaultAsyncHttpClient.java:90) ~[async-http-client-2.12.2.jar:?]
	at org.asynchttpclient.Dsl.asyncHttpClient(Dsl.java:32) ~[async-http-client-2.12.2.jar:?]
	at org.openqa.selenium.remote.http.netty.NettyClient.createHttpClient(NettyClient.java:98) ~[selenium-remote-driver-4.0.0-beta-2.jar:?]
	at org.openqa.selenium.remote.http.netty.NettyClient.<clinit>(NettyClient.java:51) ~[selenium-remote-driver-4.0.0-beta-2.jar:?]
	at org.openqa.selenium.remote.http.netty.NettyClient$Factory.createClient(NettyClient.java:147) ~[selenium-remote-driver-4.0.0-beta-2.jar:?]
	at org.openqa.selenium.remote.HttpCommandExecutor.<init>(HttpCommandExecutor.java:110) ~[selenium-remote-driver-4.0.0-beta-2.jar:?]
	at org.openqa.selenium.remote.HttpCommandExecutor.<init>(HttpCommandExecutor.java:96) ~[selenium-remote-driver-4.0.0-beta-2.jar:?]
	at org.openqa.selenium.remote.HttpCommandExecutor.<init>(HttpCommandExecutor.java:86) ~[selenium-remote-driver-4.0.0-beta-2.jar:?]
	at org.openqa.selenium.remote.service.DriverCommandExecutor.<init>(DriverCommandExecutor.java:68) ~[selenium-remote-driver-4.0.0-beta-2.jar:?]
	at org.openqa.selenium.chromium.ChromiumDriverCommandExecutor.<init>(ChromiumDriverCommandExecutor.java:78) ~[selenium-chromium-driver-4.0.0-beta-2.jar:?]
	at org.openqa.selenium.chrome.ChromeDriver.<init>(ChromeDriver.java:99) ~[selenium-chrome-driver-4.0.0-beta-2.jar:?]
	at org.openqa.selenium.chrome.ChromeDriver.<init>(ChromeDriver.java:86) ~[selenium-chrome-driver-4.0.0-beta-2.jar:?]
	at org.openqa.selenium.chrome.ChromeDriver.<init>(ChromeDriver.java:41) ~[selenium-chrome-driver-4.0.0-beta-2.jar:?]
	at testBase.BaseClass.setup(BaseClass.java:42) ~[test-classes/:?]
	at jdk.internal.reflect.NativeMethodAccessorImpl.invoke0(Native Method) ~[?:?]
	at jdk.internal.reflect.NativeMethodAccessorImpl.invoke(NativeMethodAccessorImpl.java:64) ~[?:?]
	at jdk.internal.reflect.DelegatingMethodAccessorImpl.invoke(DelegatingMethodAccessorImpl.java:43) ~[?:?]
	at java.lang.reflect.Method.invoke(Method.java:564) ~[?:?]
	at org.testng.internal.MethodInvocationHelper.invokeMethod(MethodInvocationHelper.java:132) ~[testng-7.3.0.jar:?]
	at org.testng.internal.MethodInvocationHelper.invokeMethodConsideringTimeout(MethodInvocationHelper.java:61) ~[testng-7.3.0.jar:?]
	at org.testng.internal.ConfigInvoker.invokeConfigurationMethod(ConfigInvoker.java:366) ~[testng-7.3.0.jar:?]
	at org.testng.internal.ConfigInvoker.invokeConfigurations(ConfigInvoker.java:320) ~[testng-7.3.0.jar:?]
	at org.testng.internal.TestMethodWorker.invokeBeforeClassMethods(TestMethodWorker.java:176) ~[testng-7.3.0.jar:?]
	at org.testng.internal.TestMethodWorker.run(TestMethodWorker.java:122) ~[testng-7.3.0.jar:?]
	at java.util.ArrayList.forEach(ArrayList.java:1511) [?:?]
	at org.testng.TestRunner.privateRun(TestRunner.java:764) [testng-7.3.0.jar:?]
	at org.testng.TestRunner.run(TestRunner.java:585) [testng-7.3.0.jar:?]
	at org.testng.SuiteRunner.runTest(SuiteRunner.java:384) [testng-7.3.0.jar:?]
	at org.testng.SuiteRunner.runSequentially(SuiteRunner.java:378) [testng-7.3.0.jar:?]
	at org.testng.SuiteRunner.privateRun(SuiteRunner.java:337) [testng-7.3.0.jar:?]
	at org.testng.SuiteRunner.run(SuiteRunner.java:286) [testng-7.3.0.jar:?]
	at org.testng.SuiteRunnerWorker.runSuite(SuiteRunnerWorker.java:53) [testng-7.3.0.jar:?]
	at org.testng.SuiteRunnerWorker.run(SuiteRunnerWorker.java:96) [testng-7.3.0.jar:?]
	at org.testng.TestNG.runSuitesSequentially(TestNG.java:1218) [testng-7.3.0.jar:?]
	at org.testng.TestNG.runSuitesLocally(TestNG.java:1140) [testng-7.3.0.jar:?]
	at org.testng.TestNG.runSuites(TestNG.java:1069) [testng-7.3.0.jar:?]
	at org.testng.TestNG.run(TestNG.java:1037) [testng-7.3.0.jar:?]
	at org.testng.remote.AbstractRemoteTestNG.run(AbstractRemoteTestNG.java:115) [testng-remote.jar:?]
	at org.testng.remote.RemoteTestNG.initAndRun(RemoteTestNG.java:251) [testng-remote.jar:?]
	at org.testng.remote.RemoteTestNG.main(RemoteTestNG.java:77) [testng-remote.jar:?]
16:35:28.781 [main] DEBUG io.netty.util.internal.PlatformDependent0 - java.nio.Bits.unaligned: available, true
16:35:28.783 [main] DEBUG io.netty.util.internal.PlatformDependent0 - jdk.internal.misc.Unsafe.allocateUninitializedArray(int): unavailable
java.lang.IllegalAccessException: class io.netty.util.internal.PlatformDependent0$6 cannot access class jdk.internal.misc.Unsafe (in module java.base) because module java.base does not export jdk.internal.misc to unnamed module @22356acd
	at jdk.internal.reflect.Reflection.newIllegalAccessException(Reflection.java:385) ~[?:?]
	at java.lang.reflect.AccessibleObject.checkAccess(AccessibleObject.java:693) ~[?:?]
	at java.lang.reflect.Method.invoke(Method.java:556) ~[?:?]
	at io.netty.util.internal.PlatformDependent0$6.run(PlatformDependent0.java:352) ~[netty-common-4.1.58.Final.jar:4.1.58.Final]
	at java.security.AccessController.doPrivileged(AccessController.java:312) ~[?:?]
	at io.netty.util.internal.PlatformDependent0.<clinit>(PlatformDependent0.java:343) ~[netty-common-4.1.58.Final.jar:4.1.58.Final]
	at io.netty.util.internal.PlatformDependent.isAndroid(PlatformDependent.java:293) ~[netty-common-4.1.58.Final.jar:4.1.58.Final]
	at io.netty.util.internal.PlatformDependent.<clinit>(PlatformDependent.java:92) ~[netty-common-4.1.58.Final.jar:4.1.58.Final]
	at io.netty.util.HashedWheelTimer.<init>(HashedWheelTimer.java:109) ~[netty-common-4.1.58.Final.jar:4.1.58.Final]
	at io.netty.util.HashedWheelTimer.<init>(HashedWheelTimer.java:218) ~[netty-common-4.1.58.Final.jar:4.1.58.Final]
	at io.netty.util.HashedWheelTimer.<init>(HashedWheelTimer.java:197) ~[netty-common-4.1.58.Final.jar:4.1.58.Final]
	at org.asynchttpclient.DefaultAsyncHttpClient.newNettyTimer(DefaultAsyncHttpClient.java:111) ~[async-http-client-2.12.2.jar:?]
	at org.asynchttpclient.DefaultAsyncHttpClient.<init>(DefaultAsyncHttpClient.java:90) ~[async-http-client-2.12.2.jar:?]
	at org.asynchttpclient.Dsl.asyncHttpClient(Dsl.java:32) ~[async-http-client-2.12.2.jar:?]
	at org.openqa.selenium.remote.http.netty.NettyClient.createHttpClient(NettyClient.java:98) ~[selenium-remote-driver-4.0.0-beta-2.jar:?]
	at org.openqa.selenium.remote.http.netty.NettyClient.<clinit>(NettyClient.java:51) ~[selenium-remote-driver-4.0.0-beta-2.jar:?]
	at org.openqa.selenium.remote.http.netty.NettyClient$Factory.createClient(NettyClient.java:147) ~[selenium-remote-driver-4.0.0-beta-2.jar:?]
	at org.openqa.selenium.remote.HttpCommandExecutor.<init>(HttpCommandExecutor.java:110) ~[selenium-remote-driver-4.0.0-beta-2.jar:?]
	at org.openqa.selenium.remote.HttpCommandExecutor.<init>(HttpCommandExecutor.java:96) ~[selenium-remote-driver-4.0.0-beta-2.jar:?]
	at org.openqa.selenium.remote.HttpCommandExecutor.<init>(HttpCommandExecutor.java:86) ~[selenium-remote-driver-4.0.0-beta-2.jar:?]
	at org.openqa.selenium.remote.service.DriverCommandExecutor.<init>(DriverCommandExecutor.java:68) ~[selenium-remote-driver-4.0.0-beta-2.jar:?]
	at org.openqa.selenium.chromium.ChromiumDriverCommandExecutor.<init>(ChromiumDriverCommandExecutor.java:78) ~[selenium-chromium-driver-4.0.0-beta-2.jar:?]
	at org.openqa.selenium.chrome.ChromeDriver.<init>(ChromeDriver.java:99) ~[selenium-chrome-driver-4.0.0-beta-2.jar:?]
	at org.openqa.selenium.chrome.ChromeDriver.<init>(ChromeDriver.java:86) ~[selenium-chrome-driver-4.0.0-beta-2.jar:?]
	at org.openqa.selenium.chrome.ChromeDriver.<init>(ChromeDriver.java:41) ~[selenium-chrome-driver-4.0.0-beta-2.jar:?]
	at testBase.BaseClass.setup(BaseClass.java:42) ~[test-classes/:?]
	at jdk.internal.reflect.NativeMethodAccessorImpl.invoke0(Native Method) ~[?:?]
	at jdk.internal.reflect.NativeMethodAccessorImpl.invoke(NativeMethodAccessorImpl.java:64) ~[?:?]
	at jdk.internal.reflect.DelegatingMethodAccessorImpl.invoke(DelegatingMethodAccessorImpl.java:43) ~[?:?]
	at java.lang.reflect.Method.invoke(Method.java:564) ~[?:?]
	at org.testng.internal.MethodInvocationHelper.invokeMethod(MethodInvocationHelper.java:132) ~[testng-7.3.0.jar:?]
	at org.testng.internal.MethodInvocationHelper.invokeMethodConsideringTimeout(MethodInvocationHelper.java:61) ~[testng-7.3.0.jar:?]
	at org.testng.internal.ConfigInvoker.invokeConfigurationMethod(ConfigInvoker.java:366) ~[testng-7.3.0.jar:?]
	at org.testng.internal.ConfigInvoker.invokeConfigurations(ConfigInvoker.java:320) ~[testng-7.3.0.jar:?]
	at org.testng.internal.TestMethodWorker.invokeBeforeClassMethods(TestMethodWorker.java:176) ~[testng-7.3.0.jar:?]
	at org.testng.internal.TestMethodWorker.run(TestMethodWorker.java:122) ~[testng-7.3.0.jar:?]
	at java.util.ArrayList.forEach(ArrayList.java:1511) [?:?]
	at org.testng.TestRunner.privateRun(TestRunner.java:764) [testng-7.3.0.jar:?]
	at org.testng.TestRunner.run(TestRunner.java:585) [testng-7.3.0.jar:?]
	at org.testng.SuiteRunner.runTest(SuiteRunner.java:384) [testng-7.3.0.jar:?]
	at org.testng.SuiteRunner.runSequentially(SuiteRunner.java:378) [testng-7.3.0.jar:?]
	at org.testng.SuiteRunner.privateRun(SuiteRunner.java:337) [testng-7.3.0.jar:?]
	at org.testng.SuiteRunner.run(SuiteRunner.java:286) [testng-7.3.0.jar:?]
	at org.testng.SuiteRunnerWorker.runSuite(SuiteRunnerWorker.java:53) [testng-7.3.0.jar:?]
	at org.testng.SuiteRunnerWorker.run(SuiteRunnerWorker.java:96) [testng-7.3.0.jar:?]
	at org.testng.TestNG.runSuitesSequentially(TestNG.java:1218) [testng-7.3.0.jar:?]
	at org.testng.TestNG.runSuitesLocally(TestNG.java:1140) [testng-7.3.0.jar:?]
	at org.testng.TestNG.runSuites(TestNG.java:1069) [testng-7.3.0.jar:?]
	at org.testng.TestNG.run(TestNG.java:1037) [testng-7.3.0.jar:?]
	at org.testng.remote.AbstractRemoteTestNG.run(AbstractRemoteTestNG.java:115) [testng-remote.jar:?]
	at org.testng.remote.RemoteTestNG.initAndRun(RemoteTestNG.java:251) [testng-remote.jar:?]
	at org.testng.remote.RemoteTestNG.main(RemoteTestNG.java:77) [testng-remote.jar:?]
16:35:28.785 [main] DEBUG io.netty.util.internal.PlatformDependent0 - java.nio.DirectByteBuffer.<init>(long, int): unavailable
16:35:28.785 [main] DEBUG io.netty.util.internal.PlatformDependent - sun.misc.Unsafe: available
16:35:28.787 [main] DEBUG io.netty.util.internal.PlatformDependent - maxDirectMemory: 4213178368 bytes (maybe)
16:35:28.787 [main] DEBUG io.netty.util.internal.PlatformDependent - -Dio.netty.tmpdir: C:\Users\User\AppData\Local\Temp (java.io.tmpdir)
16:35:28.787 [main] DEBUG io.netty.util.internal.PlatformDependent - -Dio.netty.bitMode: 64 (sun.arch.data.model)
16:35:28.789 [main] DEBUG io.netty.util.internal.PlatformDependent - -Dio.netty.maxDirectMemory: -1 bytes
16:35:28.789 [main] DEBUG io.netty.util.internal.PlatformDependent - -Dio.netty.uninitializedArrayAllocationThreshold: -1
16:35:28.791 [main] DEBUG io.netty.util.internal.CleanerJava9 - java.nio.ByteBuffer.cleaner(): available
16:35:28.791 [main] DEBUG io.netty.util.internal.PlatformDependent - -Dio.netty.noPreferDirect: false
16:35:28.805 [main] DEBUG io.netty.util.internal.PlatformDependent - org.jctools-core.MpscChunkedArrayQueue: available
16:35:28.830 [main] DEBUG io.netty.util.internal.InternalThreadLocalMap - -Dio.netty.threadLocalMap.stringBuilder.initialSize: 1024
16:35:28.830 [main] DEBUG io.netty.util.internal.InternalThreadLocalMap - -Dio.netty.threadLocalMap.stringBuilder.maxSize: 4096
16:35:28.880 [main] DEBUG io.netty.handler.ssl.JdkSslContext - Default protocols (JDK): [TLSv1.3, TLSv1.2, TLSv1.1, TLSv1] 
16:35:28.880 [main] DEBUG io.netty.handler.ssl.JdkSslContext - Default cipher suites (JDK): [TLS_ECDHE_ECDSA_WITH_AES_256_GCM_SHA384, TLS_ECDHE_ECDSA_WITH_AES_128_GCM_SHA256, TLS_ECDHE_RSA_WITH_AES_128_GCM_SHA256, TLS_ECDHE_RSA_WITH_AES_256_GCM_SHA384, TLS_ECDHE_RSA_WITH_AES_128_CBC_SHA, TLS_ECDHE_RSA_WITH_AES_256_CBC_SHA, TLS_RSA_WITH_AES_128_GCM_SHA256, TLS_RSA_WITH_AES_128_CBC_SHA, TLS_RSA_WITH_AES_256_CBC_SHA, TLS_AES_128_GCM_SHA256, TLS_AES_256_GCM_SHA384]
16:35:28.918 [main] DEBUG io.netty.channel.MultithreadEventLoopGroup - -Dio.netty.eventLoopThreads: 8
16:35:28.934 [main] DEBUG io.netty.channel.nio.NioEventLoop - -Dio.netty.noKeySetOptimization: false
16:35:28.934 [main] DEBUG io.netty.channel.nio.NioEventLoop - -Dio.netty.selectorAutoRebuildThreshold: 512
16:35:28.953 [main] TRACE io.netty.channel.nio.NioEventLoop - instrumented a special java.util.Set into: sun.nio.ch.WindowsSelectorImpl@3db972d2
16:35:28.955 [main] TRACE io.netty.channel.nio.NioEventLoop - instrumented a special java.util.Set into: sun.nio.ch.WindowsSelectorImpl@2d272b0d
16:35:28.956 [main] TRACE io.netty.channel.nio.NioEventLoop - instrumented a special java.util.Set into: sun.nio.ch.WindowsSelectorImpl@3727f0ee
16:35:28.957 [main] TRACE io.netty.channel.nio.NioEventLoop - instrumented a special java.util.Set into: sun.nio.ch.WindowsSelectorImpl@5c448433
16:35:28.958 [main] TRACE io.netty.channel.nio.NioEventLoop - instrumented a special java.util.Set into: sun.nio.ch.WindowsSelectorImpl@fb713e7
16:35:28.959 [main] TRACE io.netty.channel.nio.NioEventLoop - instrumented a special java.util.Set into: sun.nio.ch.WindowsSelectorImpl@1b5c3e5f
16:35:28.960 [main] TRACE io.netty.channel.nio.NioEventLoop - instrumented a special java.util.Set into: sun.nio.ch.WindowsSelectorImpl@13741d5a
16:35:28.961 [main] TRACE io.netty.channel.nio.NioEventLoop - instrumented a special java.util.Set into: sun.nio.ch.WindowsSelectorImpl@6b69761b
16:35:28.989 [main] DEBUG io.netty.buffer.PooledByteBufAllocator - -Dio.netty.allocator.numHeapArenas: 8
16:35:28.989 [main] DEBUG io.netty.buffer.PooledByteBufAllocator - -Dio.netty.allocator.numDirectArenas: 8
16:35:28.989 [main] DEBUG io.netty.buffer.PooledByteBufAllocator - -Dio.netty.allocator.pageSize: 8192
16:35:28.990 [main] DEBUG io.netty.buffer.PooledByteBufAllocator - -Dio.netty.allocator.maxOrder: 11
16:35:28.990 [main] DEBUG io.netty.buffer.PooledByteBufAllocator - -Dio.netty.allocator.chunkSize: 16777216
16:35:28.990 [main] DEBUG io.netty.buffer.PooledByteBufAllocator - -Dio.netty.allocator.smallCacheSize: 256
16:35:28.990 [main] DEBUG io.netty.buffer.PooledByteBufAllocator - -Dio.netty.allocator.normalCacheSize: 64
16:35:28.990 [main] DEBUG io.netty.buffer.PooledByteBufAllocator - -Dio.netty.allocator.maxCachedBufferCapacity: 32768
16:35:28.990 [main] DEBUG io.netty.buffer.PooledByteBufAllocator - -Dio.netty.allocator.cacheTrimInterval: 8192
16:35:28.990 [main] DEBUG io.netty.buffer.PooledByteBufAllocator - -Dio.netty.allocator.cacheTrimIntervalMillis: 0
16:35:28.990 [main] DEBUG io.netty.buffer.PooledByteBufAllocator - -Dio.netty.allocator.useCacheForAllThreads: true
16:35:28.990 [main] DEBUG io.netty.buffer.PooledByteBufAllocator - -Dio.netty.allocator.maxCachedByteBuffersPerChunk: 1023
16:35:29.002 [main] DEBUG io.netty.buffer.ByteBufUtil - -Dio.netty.allocator.type: pooled
16:35:29.002 [main] DEBUG io.netty.buffer.ByteBufUtil - -Dio.netty.threadLocalDirectBufferSize: 0
16:35:29.002 [main] DEBUG io.netty.buffer.ByteBufUtil - -Dio.netty.maxThreadLocalCharBufferSize: 16384
16:35:29.983 [Forwarding newSession on session null to remote] DEBUG io.netty.channel.DefaultChannelId - -Dio.netty.processId: 15240 (auto-detected)
16:35:29.987 [Forwarding newSession on session null to remote] DEBUG io.netty.util.NetUtil - -Djava.net.preferIPv4Stack: false
16:35:29.987 [Forwarding newSession on session null to remote] DEBUG io.netty.util.NetUtil - -Djava.net.preferIPv6Addresses: false
16:35:30.002 [Forwarding newSession on session null to remote] DEBUG io.netty.util.NetUtilInitializations - Loopback interface: lo (Software Loopback Interface 1, 127.0.0.1)
16:35:30.004 [Forwarding newSession on session null to remote] DEBUG io.netty.util.NetUtil - Failed to get SOMAXCONN from sysctl and file \proc\sys\net\core\somaxconn. Default: 200
16:35:30.057 [Forwarding newSession on session null to remote] DEBUG io.netty.channel.DefaultChannelId - -Dio.netty.machineId: 7c:7a:91:ff:fe:c5:e1:49 (auto-detected)
16:35:30.126 [AsyncHttpClient-1-2] DEBUG io.netty.buffer.AbstractByteBuf - -Dio.netty.buffer.checkAccessible: true
16:35:30.127 [AsyncHttpClient-1-2] DEBUG io.netty.buffer.AbstractByteBuf - -Dio.netty.buffer.checkBounds: true
16:35:30.127 [AsyncHttpClient-1-2] DEBUG io.netty.util.ResourceLeakDetectorFactory - Loaded default ResourceLeakDetector: io.netty.util.ResourceLeakDetector@722d92a5
16:35:30.152 [AsyncHttpClient-1-2] DEBUG io.netty.util.Recycler - -Dio.netty.recycler.maxCapacityPerThread: 4096
16:35:30.152 [AsyncHttpClient-1-2] DEBUG io.netty.util.Recycler - -Dio.netty.recycler.maxSharedCapacityFactor: 2
16:35:30.153 [AsyncHttpClient-1-2] DEBUG io.netty.util.Recycler - -Dio.netty.recycler.linkCapacity: 16
16:35:30.153 [AsyncHttpClient-1-2] DEBUG io.netty.util.Recycler - -Dio.netty.recycler.ratio: 8
16:35:30.153 [AsyncHttpClient-1-2] DEBUG io.netty.util.Recycler - -Dio.netty.recycler.delayedQueue.ratio: 8
16:35:31.060 [main] DEBUG io.netty.util.internal.ThreadLocalRandom - -Dio.netty.initialSeedUniquifier: 0x7a4d1faad94dee21
16:35:31.108 [main] INFO  testCases.TC_001_AccountRegistration - Launched Chrome Browser
16:35:31.137 [main] INFO  testCases.TC_001_AccountRegistration -  Starting TC_001_AccountRegistration 
16:35:32.699 [main] INFO  testCases.TC_001_AccountRegistration - Home Page Displayed 
16:35:33.287 [main] INFO  testCases.TC_001_AccountRegistration - Clicked on My Account 
16:35:33.850 [main] INFO  testCases.TC_001_AccountRegistration - Clicked on Register 
16:35:33.949 [main] INFO  testCases.TC_001_AccountRegistration - Provided First Name 
16:35:34.030 [main] INFO  testCases.TC_001_AccountRegistration - Provided Last Name 
16:35:34.123 [main] INFO  testCases.TC_001_AccountRegistration - Provided Email 
16:35:34.208 [main] INFO  testCases.TC_001_AccountRegistration - Provided Telephone 
16:35:34.286 [main] INFO  testCases.TC_001_AccountRegistration - Provided Password 
16:35:34.361 [main] INFO  testCases.TC_001_AccountRegistration - Provided Confrmed Password 
16:35:34.422 [main] INFO  testCases.TC_001_AccountRegistration - Set Privacy Policy 
16:35:35.251 [main] INFO  testCases.TC_001_AccountRegistration - Clicked on Continue 
16:35:35.296 [main] ERROR testCases.TC_001_AccountRegistration - Account Registration Failed 
16:40:46.547 [main] DEBUG io.netty.util.internal.logging.InternalLoggerFactory - Using Log4J2 as the default logging framework
16:40:46.560 [main] DEBUG io.netty.util.ResourceLeakDetector - -Dio.netty.leakDetection.level: simple
16:40:46.560 [main] DEBUG io.netty.util.ResourceLeakDetector - -Dio.netty.leakDetection.targetRecords: 4
16:40:46.565 [main] DEBUG io.netty.util.ResourceLeakDetectorFactory - Loaded default ResourceLeakDetector: io.netty.util.ResourceLeakDetector@479f2dc2
16:40:46.588 [main] DEBUG io.netty.util.internal.PlatformDependent - Platform: Windows
16:40:46.591 [main] DEBUG io.netty.util.internal.PlatformDependent0 - -Dio.netty.noUnsafe: false
16:40:46.591 [main] DEBUG io.netty.util.internal.PlatformDependent0 - Java version: 15
16:40:46.593 [main] DEBUG io.netty.util.internal.PlatformDependent0 - sun.misc.Unsafe.theUnsafe: available
16:40:46.594 [main] DEBUG io.netty.util.internal.PlatformDependent0 - sun.misc.Unsafe.copyMemory: available
16:40:46.594 [main] DEBUG io.netty.util.internal.PlatformDependent0 - java.nio.Buffer.address: available
16:40:46.595 [main] DEBUG io.netty.util.internal.PlatformDependent0 - direct buffer constructor: unavailable
java.lang.UnsupportedOperationException: Reflective setAccessible(true) disabled
	at io.netty.util.internal.ReflectionUtil.trySetAccessible(ReflectionUtil.java:31) ~[netty-common-4.1.58.Final.jar:4.1.58.Final]
	at io.netty.util.internal.PlatformDependent0$4.run(PlatformDependent0.java:238) ~[netty-common-4.1.58.Final.jar:4.1.58.Final]
	at java.security.AccessController.doPrivileged(AccessController.java:312) ~[?:?]
	at io.netty.util.internal.PlatformDependent0.<clinit>(PlatformDependent0.java:232) ~[netty-common-4.1.58.Final.jar:4.1.58.Final]
	at io.netty.util.internal.PlatformDependent.isAndroid(PlatformDependent.java:293) ~[netty-common-4.1.58.Final.jar:4.1.58.Final]
	at io.netty.util.internal.PlatformDependent.<clinit>(PlatformDependent.java:92) ~[netty-common-4.1.58.Final.jar:4.1.58.Final]
	at io.netty.util.HashedWheelTimer.<init>(HashedWheelTimer.java:109) ~[netty-common-4.1.58.Final.jar:4.1.58.Final]
	at io.netty.util.HashedWheelTimer.<init>(HashedWheelTimer.java:218) ~[netty-common-4.1.58.Final.jar:4.1.58.Final]
	at io.netty.util.HashedWheelTimer.<init>(HashedWheelTimer.java:197) ~[netty-common-4.1.58.Final.jar:4.1.58.Final]
	at org.asynchttpclient.DefaultAsyncHttpClient.newNettyTimer(DefaultAsyncHttpClient.java:111) ~[async-http-client-2.12.2.jar:?]
	at org.asynchttpclient.DefaultAsyncHttpClient.<init>(DefaultAsyncHttpClient.java:90) ~[async-http-client-2.12.2.jar:?]
	at org.asynchttpclient.Dsl.asyncHttpClient(Dsl.java:32) ~[async-http-client-2.12.2.jar:?]
	at org.openqa.selenium.remote.http.netty.NettyClient.createHttpClient(NettyClient.java:98) ~[selenium-remote-driver-4.0.0-beta-2.jar:?]
	at org.openqa.selenium.remote.http.netty.NettyClient.<clinit>(NettyClient.java:51) ~[selenium-remote-driver-4.0.0-beta-2.jar:?]
	at org.openqa.selenium.remote.http.netty.NettyClient$Factory.createClient(NettyClient.java:147) ~[selenium-remote-driver-4.0.0-beta-2.jar:?]
	at org.openqa.selenium.remote.HttpCommandExecutor.<init>(HttpCommandExecutor.java:110) ~[selenium-remote-driver-4.0.0-beta-2.jar:?]
	at org.openqa.selenium.remote.HttpCommandExecutor.<init>(HttpCommandExecutor.java:96) ~[selenium-remote-driver-4.0.0-beta-2.jar:?]
	at org.openqa.selenium.remote.HttpCommandExecutor.<init>(HttpCommandExecutor.java:86) ~[selenium-remote-driver-4.0.0-beta-2.jar:?]
	at org.openqa.selenium.remote.service.DriverCommandExecutor.<init>(DriverCommandExecutor.java:68) ~[selenium-remote-driver-4.0.0-beta-2.jar:?]
	at org.openqa.selenium.chromium.ChromiumDriverCommandExecutor.<init>(ChromiumDriverCommandExecutor.java:78) ~[selenium-chromium-driver-4.0.0-beta-2.jar:?]
	at org.openqa.selenium.chrome.ChromeDriver.<init>(ChromeDriver.java:99) ~[selenium-chrome-driver-4.0.0-beta-2.jar:?]
	at org.openqa.selenium.chrome.ChromeDriver.<init>(ChromeDriver.java:86) ~[selenium-chrome-driver-4.0.0-beta-2.jar:?]
	at org.openqa.selenium.chrome.ChromeDriver.<init>(ChromeDriver.java:41) ~[selenium-chrome-driver-4.0.0-beta-2.jar:?]
	at testBase.BaseClass.setup(BaseClass.java:42) ~[test-classes/:?]
	at jdk.internal.reflect.NativeMethodAccessorImpl.invoke0(Native Method) ~[?:?]
	at jdk.internal.reflect.NativeMethodAccessorImpl.invoke(NativeMethodAccessorImpl.java:64) ~[?:?]
	at jdk.internal.reflect.DelegatingMethodAccessorImpl.invoke(DelegatingMethodAccessorImpl.java:43) ~[?:?]
	at java.lang.reflect.Method.invoke(Method.java:564) ~[?:?]
	at org.testng.internal.MethodInvocationHelper.invokeMethod(MethodInvocationHelper.java:132) ~[testng-7.3.0.jar:?]
	at org.testng.internal.MethodInvocationHelper.invokeMethodConsideringTimeout(MethodInvocationHelper.java:61) ~[testng-7.3.0.jar:?]
	at org.testng.internal.ConfigInvoker.invokeConfigurationMethod(ConfigInvoker.java:366) ~[testng-7.3.0.jar:?]
	at org.testng.internal.ConfigInvoker.invokeConfigurations(ConfigInvoker.java:320) ~[testng-7.3.0.jar:?]
	at org.testng.internal.TestMethodWorker.invokeBeforeClassMethods(TestMethodWorker.java:176) ~[testng-7.3.0.jar:?]
	at org.testng.internal.TestMethodWorker.run(TestMethodWorker.java:122) ~[testng-7.3.0.jar:?]
	at java.util.ArrayList.forEach(ArrayList.java:1511) [?:?]
	at org.testng.TestRunner.privateRun(TestRunner.java:764) [testng-7.3.0.jar:?]
	at org.testng.TestRunner.run(TestRunner.java:585) [testng-7.3.0.jar:?]
	at org.testng.SuiteRunner.runTest(SuiteRunner.java:384) [testng-7.3.0.jar:?]
	at org.testng.SuiteRunner.runSequentially(SuiteRunner.java:378) [testng-7.3.0.jar:?]
	at org.testng.SuiteRunner.privateRun(SuiteRunner.java:337) [testng-7.3.0.jar:?]
	at org.testng.SuiteRunner.run(SuiteRunner.java:286) [testng-7.3.0.jar:?]
	at org.testng.SuiteRunnerWorker.runSuite(SuiteRunnerWorker.java:53) [testng-7.3.0.jar:?]
	at org.testng.SuiteRunnerWorker.run(SuiteRunnerWorker.java:96) [testng-7.3.0.jar:?]
	at org.testng.TestNG.runSuitesSequentially(TestNG.java:1218) [testng-7.3.0.jar:?]
	at org.testng.TestNG.runSuitesLocally(TestNG.java:1140) [testng-7.3.0.jar:?]
	at org.testng.TestNG.runSuites(TestNG.java:1069) [testng-7.3.0.jar:?]
	at org.testng.TestNG.run(TestNG.java:1037) [testng-7.3.0.jar:?]
	at org.testng.remote.AbstractRemoteTestNG.run(AbstractRemoteTestNG.java:115) [testng-remote.jar:?]
	at org.testng.remote.RemoteTestNG.initAndRun(RemoteTestNG.java:251) [testng-remote.jar:?]
	at org.testng.remote.RemoteTestNG.main(RemoteTestNG.java:77) [testng-remote.jar:?]
16:40:46.604 [main] DEBUG io.netty.util.internal.PlatformDependent0 - java.nio.Bits.unaligned: available, true
16:40:46.606 [main] DEBUG io.netty.util.internal.PlatformDependent0 - jdk.internal.misc.Unsafe.allocateUninitializedArray(int): unavailable
java.lang.IllegalAccessException: class io.netty.util.internal.PlatformDependent0$6 cannot access class jdk.internal.misc.Unsafe (in module java.base) because module java.base does not export jdk.internal.misc to unnamed module @22356acd
	at jdk.internal.reflect.Reflection.newIllegalAccessException(Reflection.java:385) ~[?:?]
	at java.lang.reflect.AccessibleObject.checkAccess(AccessibleObject.java:693) ~[?:?]
	at java.lang.reflect.Method.invoke(Method.java:556) ~[?:?]
	at io.netty.util.internal.PlatformDependent0$6.run(PlatformDependent0.java:352) ~[netty-common-4.1.58.Final.jar:4.1.58.Final]
	at java.security.AccessController.doPrivileged(AccessController.java:312) ~[?:?]
	at io.netty.util.internal.PlatformDependent0.<clinit>(PlatformDependent0.java:343) ~[netty-common-4.1.58.Final.jar:4.1.58.Final]
	at io.netty.util.internal.PlatformDependent.isAndroid(PlatformDependent.java:293) ~[netty-common-4.1.58.Final.jar:4.1.58.Final]
	at io.netty.util.internal.PlatformDependent.<clinit>(PlatformDependent.java:92) ~[netty-common-4.1.58.Final.jar:4.1.58.Final]
	at io.netty.util.HashedWheelTimer.<init>(HashedWheelTimer.java:109) ~[netty-common-4.1.58.Final.jar:4.1.58.Final]
	at io.netty.util.HashedWheelTimer.<init>(HashedWheelTimer.java:218) ~[netty-common-4.1.58.Final.jar:4.1.58.Final]
	at io.netty.util.HashedWheelTimer.<init>(HashedWheelTimer.java:197) ~[netty-common-4.1.58.Final.jar:4.1.58.Final]
	at org.asynchttpclient.DefaultAsyncHttpClient.newNettyTimer(DefaultAsyncHttpClient.java:111) ~[async-http-client-2.12.2.jar:?]
	at org.asynchttpclient.DefaultAsyncHttpClient.<init>(DefaultAsyncHttpClient.java:90) ~[async-http-client-2.12.2.jar:?]
	at org.asynchttpclient.Dsl.asyncHttpClient(Dsl.java:32) ~[async-http-client-2.12.2.jar:?]
	at org.openqa.selenium.remote.http.netty.NettyClient.createHttpClient(NettyClient.java:98) ~[selenium-remote-driver-4.0.0-beta-2.jar:?]
	at org.openqa.selenium.remote.http.netty.NettyClient.<clinit>(NettyClient.java:51) ~[selenium-remote-driver-4.0.0-beta-2.jar:?]
	at org.openqa.selenium.remote.http.netty.NettyClient$Factory.createClient(NettyClient.java:147) ~[selenium-remote-driver-4.0.0-beta-2.jar:?]
	at org.openqa.selenium.remote.HttpCommandExecutor.<init>(HttpCommandExecutor.java:110) ~[selenium-remote-driver-4.0.0-beta-2.jar:?]
	at org.openqa.selenium.remote.HttpCommandExecutor.<init>(HttpCommandExecutor.java:96) ~[selenium-remote-driver-4.0.0-beta-2.jar:?]
	at org.openqa.selenium.remote.HttpCommandExecutor.<init>(HttpCommandExecutor.java:86) ~[selenium-remote-driver-4.0.0-beta-2.jar:?]
	at org.openqa.selenium.remote.service.DriverCommandExecutor.<init>(DriverCommandExecutor.java:68) ~[selenium-remote-driver-4.0.0-beta-2.jar:?]
	at org.openqa.selenium.chromium.ChromiumDriverCommandExecutor.<init>(ChromiumDriverCommandExecutor.java:78) ~[selenium-chromium-driver-4.0.0-beta-2.jar:?]
	at org.openqa.selenium.chrome.ChromeDriver.<init>(ChromeDriver.java:99) ~[selenium-chrome-driver-4.0.0-beta-2.jar:?]
	at org.openqa.selenium.chrome.ChromeDriver.<init>(ChromeDriver.java:86) ~[selenium-chrome-driver-4.0.0-beta-2.jar:?]
	at org.openqa.selenium.chrome.ChromeDriver.<init>(ChromeDriver.java:41) ~[selenium-chrome-driver-4.0.0-beta-2.jar:?]
	at testBase.BaseClass.setup(BaseClass.java:42) ~[test-classes/:?]
	at jdk.internal.reflect.NativeMethodAccessorImpl.invoke0(Native Method) ~[?:?]
	at jdk.internal.reflect.NativeMethodAccessorImpl.invoke(NativeMethodAccessorImpl.java:64) ~[?:?]
	at jdk.internal.reflect.DelegatingMethodAccessorImpl.invoke(DelegatingMethodAccessorImpl.java:43) ~[?:?]
	at java.lang.reflect.Method.invoke(Method.java:564) ~[?:?]
	at org.testng.internal.MethodInvocationHelper.invokeMethod(MethodInvocationHelper.java:132) ~[testng-7.3.0.jar:?]
	at org.testng.internal.MethodInvocationHelper.invokeMethodConsideringTimeout(MethodInvocationHelper.java:61) ~[testng-7.3.0.jar:?]
	at org.testng.internal.ConfigInvoker.invokeConfigurationMethod(ConfigInvoker.java:366) ~[testng-7.3.0.jar:?]
	at org.testng.internal.ConfigInvoker.invokeConfigurations(ConfigInvoker.java:320) ~[testng-7.3.0.jar:?]
	at org.testng.internal.TestMethodWorker.invokeBeforeClassMethods(TestMethodWorker.java:176) ~[testng-7.3.0.jar:?]
	at org.testng.internal.TestMethodWorker.run(TestMethodWorker.java:122) ~[testng-7.3.0.jar:?]
	at java.util.ArrayList.forEach(ArrayList.java:1511) [?:?]
	at org.testng.TestRunner.privateRun(TestRunner.java:764) [testng-7.3.0.jar:?]
	at org.testng.TestRunner.run(TestRunner.java:585) [testng-7.3.0.jar:?]
	at org.testng.SuiteRunner.runTest(SuiteRunner.java:384) [testng-7.3.0.jar:?]
	at org.testng.SuiteRunner.runSequentially(SuiteRunner.java:378) [testng-7.3.0.jar:?]
	at org.testng.SuiteRunner.privateRun(SuiteRunner.java:337) [testng-7.3.0.jar:?]
	at org.testng.SuiteRunner.run(SuiteRunner.java:286) [testng-7.3.0.jar:?]
	at org.testng.SuiteRunnerWorker.runSuite(SuiteRunnerWorker.java:53) [testng-7.3.0.jar:?]
	at org.testng.SuiteRunnerWorker.run(SuiteRunnerWorker.java:96) [testng-7.3.0.jar:?]
	at org.testng.TestNG.runSuitesSequentially(TestNG.java:1218) [testng-7.3.0.jar:?]
	at org.testng.TestNG.runSuitesLocally(TestNG.java:1140) [testng-7.3.0.jar:?]
	at org.testng.TestNG.runSuites(TestNG.java:1069) [testng-7.3.0.jar:?]
	at org.testng.TestNG.run(TestNG.java:1037) [testng-7.3.0.jar:?]
	at org.testng.remote.AbstractRemoteTestNG.run(AbstractRemoteTestNG.java:115) [testng-remote.jar:?]
	at org.testng.remote.RemoteTestNG.initAndRun(RemoteTestNG.java:251) [testng-remote.jar:?]
	at org.testng.remote.RemoteTestNG.main(RemoteTestNG.java:77) [testng-remote.jar:?]
16:40:46.607 [main] DEBUG io.netty.util.internal.PlatformDependent0 - java.nio.DirectByteBuffer.<init>(long, int): unavailable
16:40:46.608 [main] DEBUG io.netty.util.internal.PlatformDependent - sun.misc.Unsafe: available
16:40:46.609 [main] DEBUG io.netty.util.internal.PlatformDependent - maxDirectMemory: 4213178368 bytes (maybe)
16:40:46.609 [main] DEBUG io.netty.util.internal.PlatformDependent - -Dio.netty.tmpdir: C:\Users\User\AppData\Local\Temp (java.io.tmpdir)
16:40:46.609 [main] DEBUG io.netty.util.internal.PlatformDependent - -Dio.netty.bitMode: 64 (sun.arch.data.model)
16:40:46.610 [main] DEBUG io.netty.util.internal.PlatformDependent - -Dio.netty.maxDirectMemory: -1 bytes
16:40:46.611 [main] DEBUG io.netty.util.internal.PlatformDependent - -Dio.netty.uninitializedArrayAllocationThreshold: -1
16:40:46.612 [main] DEBUG io.netty.util.internal.CleanerJava9 - java.nio.ByteBuffer.cleaner(): available
16:40:46.613 [main] DEBUG io.netty.util.internal.PlatformDependent - -Dio.netty.noPreferDirect: false
16:40:46.626 [main] DEBUG io.netty.util.internal.PlatformDependent - org.jctools-core.MpscChunkedArrayQueue: available
16:40:46.657 [main] DEBUG io.netty.util.internal.InternalThreadLocalMap - -Dio.netty.threadLocalMap.stringBuilder.initialSize: 1024
16:40:46.657 [main] DEBUG io.netty.util.internal.InternalThreadLocalMap - -Dio.netty.threadLocalMap.stringBuilder.maxSize: 4096
16:40:46.725 [main] DEBUG io.netty.handler.ssl.JdkSslContext - Default protocols (JDK): [TLSv1.3, TLSv1.2, TLSv1.1, TLSv1] 
16:40:46.725 [main] DEBUG io.netty.handler.ssl.JdkSslContext - Default cipher suites (JDK): [TLS_ECDHE_ECDSA_WITH_AES_256_GCM_SHA384, TLS_ECDHE_ECDSA_WITH_AES_128_GCM_SHA256, TLS_ECDHE_RSA_WITH_AES_128_GCM_SHA256, TLS_ECDHE_RSA_WITH_AES_256_GCM_SHA384, TLS_ECDHE_RSA_WITH_AES_128_CBC_SHA, TLS_ECDHE_RSA_WITH_AES_256_CBC_SHA, TLS_RSA_WITH_AES_128_GCM_SHA256, TLS_RSA_WITH_AES_128_CBC_SHA, TLS_RSA_WITH_AES_256_CBC_SHA, TLS_AES_128_GCM_SHA256, TLS_AES_256_GCM_SHA384]
16:40:46.765 [main] DEBUG io.netty.channel.MultithreadEventLoopGroup - -Dio.netty.eventLoopThreads: 8
16:40:46.778 [main] DEBUG io.netty.channel.nio.NioEventLoop - -Dio.netty.noKeySetOptimization: false
16:40:46.779 [main] DEBUG io.netty.channel.nio.NioEventLoop - -Dio.netty.selectorAutoRebuildThreshold: 512
16:40:46.797 [main] TRACE io.netty.channel.nio.NioEventLoop - instrumented a special java.util.Set into: sun.nio.ch.WindowsSelectorImpl@1debc91c
16:40:46.798 [main] TRACE io.netty.channel.nio.NioEventLoop - instrumented a special java.util.Set into: sun.nio.ch.WindowsSelectorImpl@3727f0ee
16:40:46.799 [main] TRACE io.netty.channel.nio.NioEventLoop - instrumented a special java.util.Set into: sun.nio.ch.WindowsSelectorImpl@5c448433
16:40:46.801 [main] TRACE io.netty.channel.nio.NioEventLoop - instrumented a special java.util.Set into: sun.nio.ch.WindowsSelectorImpl@fb713e7
16:40:46.802 [main] TRACE io.netty.channel.nio.NioEventLoop - instrumented a special java.util.Set into: sun.nio.ch.WindowsSelectorImpl@1b5c3e5f
16:40:46.803 [main] TRACE io.netty.channel.nio.NioEventLoop - instrumented a special java.util.Set into: sun.nio.ch.WindowsSelectorImpl@13741d5a
16:40:46.804 [main] TRACE io.netty.channel.nio.NioEventLoop - instrumented a special java.util.Set into: sun.nio.ch.WindowsSelectorImpl@6b69761b
16:40:46.804 [main] TRACE io.netty.channel.nio.NioEventLoop - instrumented a special java.util.Set into: sun.nio.ch.WindowsSelectorImpl@5c7668ba
16:40:46.838 [main] DEBUG io.netty.buffer.PooledByteBufAllocator - -Dio.netty.allocator.numHeapArenas: 8
16:40:46.838 [main] DEBUG io.netty.buffer.PooledByteBufAllocator - -Dio.netty.allocator.numDirectArenas: 8
16:40:46.838 [main] DEBUG io.netty.buffer.PooledByteBufAllocator - -Dio.netty.allocator.pageSize: 8192
16:40:46.838 [main] DEBUG io.netty.buffer.PooledByteBufAllocator - -Dio.netty.allocator.maxOrder: 11
16:40:46.838 [main] DEBUG io.netty.buffer.PooledByteBufAllocator - -Dio.netty.allocator.chunkSize: 16777216
16:40:46.839 [main] DEBUG io.netty.buffer.PooledByteBufAllocator - -Dio.netty.allocator.smallCacheSize: 256
16:40:46.839 [main] DEBUG io.netty.buffer.PooledByteBufAllocator - -Dio.netty.allocator.normalCacheSize: 64
16:40:46.839 [main] DEBUG io.netty.buffer.PooledByteBufAllocator - -Dio.netty.allocator.maxCachedBufferCapacity: 32768
16:40:46.839 [main] DEBUG io.netty.buffer.PooledByteBufAllocator - -Dio.netty.allocator.cacheTrimInterval: 8192
16:40:46.839 [main] DEBUG io.netty.buffer.PooledByteBufAllocator - -Dio.netty.allocator.cacheTrimIntervalMillis: 0
16:40:46.839 [main] DEBUG io.netty.buffer.PooledByteBufAllocator - -Dio.netty.allocator.useCacheForAllThreads: true
16:40:46.839 [main] DEBUG io.netty.buffer.PooledByteBufAllocator - -Dio.netty.allocator.maxCachedByteBuffersPerChunk: 1023
16:40:46.852 [main] DEBUG io.netty.buffer.ByteBufUtil - -Dio.netty.allocator.type: pooled
16:40:46.852 [main] DEBUG io.netty.buffer.ByteBufUtil - -Dio.netty.threadLocalDirectBufferSize: 0
16:40:46.852 [main] DEBUG io.netty.buffer.ByteBufUtil - -Dio.netty.maxThreadLocalCharBufferSize: 16384
16:40:47.852 [Forwarding newSession on session null to remote] DEBUG io.netty.channel.DefaultChannelId - -Dio.netty.processId: 14468 (auto-detected)
16:40:47.855 [Forwarding newSession on session null to remote] DEBUG io.netty.util.NetUtil - -Djava.net.preferIPv4Stack: false
16:40:47.855 [Forwarding newSession on session null to remote] DEBUG io.netty.util.NetUtil - -Djava.net.preferIPv6Addresses: false
16:40:47.867 [Forwarding newSession on session null to remote] DEBUG io.netty.util.NetUtilInitializations - Loopback interface: lo (Software Loopback Interface 1, 127.0.0.1)
16:40:47.868 [Forwarding newSession on session null to remote] DEBUG io.netty.util.NetUtil - Failed to get SOMAXCONN from sysctl and file \proc\sys\net\core\somaxconn. Default: 200
16:40:47.926 [Forwarding newSession on session null to remote] DEBUG io.netty.channel.DefaultChannelId - -Dio.netty.machineId: 7c:7a:91:ff:fe:c5:e1:49 (auto-detected)
16:40:47.983 [AsyncHttpClient-1-2] DEBUG io.netty.buffer.AbstractByteBuf - -Dio.netty.buffer.checkAccessible: true
16:40:47.983 [AsyncHttpClient-1-2] DEBUG io.netty.buffer.AbstractByteBuf - -Dio.netty.buffer.checkBounds: true
16:40:47.984 [AsyncHttpClient-1-2] DEBUG io.netty.util.ResourceLeakDetectorFactory - Loaded default ResourceLeakDetector: io.netty.util.ResourceLeakDetector@2232e7e5
16:40:48.009 [AsyncHttpClient-1-2] DEBUG io.netty.util.Recycler - -Dio.netty.recycler.maxCapacityPerThread: 4096
16:40:48.010 [AsyncHttpClient-1-2] DEBUG io.netty.util.Recycler - -Dio.netty.recycler.maxSharedCapacityFactor: 2
16:40:48.010 [AsyncHttpClient-1-2] DEBUG io.netty.util.Recycler - -Dio.netty.recycler.linkCapacity: 16
16:40:48.010 [AsyncHttpClient-1-2] DEBUG io.netty.util.Recycler - -Dio.netty.recycler.ratio: 8
16:40:48.011 [AsyncHttpClient-1-2] DEBUG io.netty.util.Recycler - -Dio.netty.recycler.delayedQueue.ratio: 8
16:40:48.949 [main] DEBUG io.netty.util.internal.ThreadLocalRandom - -Dio.netty.initialSeedUniquifier: 0x444af5e047199114
16:40:48.993 [main] INFO  testCases.TC_001_AccountRegistration - Launched Chrome Browser
16:40:49.019 [main] INFO  testCases.TC_001_AccountRegistration -  Starting TC_001_AccountRegistration 
16:40:52.326 [main] INFO  testCases.TC_001_AccountRegistration - Home Page Displayed 
16:40:53.023 [main] INFO  testCases.TC_001_AccountRegistration - Clicked on My Account 
16:40:53.542 [main] INFO  testCases.TC_001_AccountRegistration - Clicked on Register 
16:40:53.655 [main] INFO  testCases.TC_001_AccountRegistration - Provided First Name 
16:40:53.753 [main] INFO  testCases.TC_001_AccountRegistration - Provided Last Name 
16:40:53.861 [main] INFO  testCases.TC_001_AccountRegistration - Provided Email 
16:40:53.959 [main] INFO  testCases.TC_001_AccountRegistration - Provided Telephone 
16:40:54.041 [main] INFO  testCases.TC_001_AccountRegistration - Provided Password 
16:40:54.120 [main] INFO  testCases.TC_001_AccountRegistration - Provided Confrmed Password 
16:40:54.182 [main] INFO  testCases.TC_001_AccountRegistration - Set Privacy Policy 
16:40:57.452 [main] INFO  testCases.TC_001_AccountRegistration - Clicked on Continue 
16:40:57.487 [main] ERROR testCases.TC_001_AccountRegistration - Account Registration Failed 
20:59:05.946 [main] DEBUG io.netty.util.internal.logging.InternalLoggerFactory - Using Log4J2 as the default logging framework
20:59:05.958 [main] DEBUG io.netty.util.ResourceLeakDetector - -Dio.netty.leakDetection.level: simple
20:59:05.958 [main] DEBUG io.netty.util.ResourceLeakDetector - -Dio.netty.leakDetection.targetRecords: 4
20:59:05.963 [main] DEBUG io.netty.util.ResourceLeakDetectorFactory - Loaded default ResourceLeakDetector: io.netty.util.ResourceLeakDetector@43a51d00
20:59:05.995 [main] DEBUG io.netty.util.internal.PlatformDependent - Platform: Windows
20:59:05.999 [main] DEBUG io.netty.util.internal.PlatformDependent0 - -Dio.netty.noUnsafe: false
20:59:06.000 [main] DEBUG io.netty.util.internal.PlatformDependent0 - Java version: 15
20:59:06.005 [main] DEBUG io.netty.util.internal.PlatformDependent0 - sun.misc.Unsafe.theUnsafe: available
20:59:06.008 [main] DEBUG io.netty.util.internal.PlatformDependent0 - sun.misc.Unsafe.copyMemory: available
20:59:06.010 [main] DEBUG io.netty.util.internal.PlatformDependent0 - java.nio.Buffer.address: available
20:59:06.011 [main] DEBUG io.netty.util.internal.PlatformDependent0 - direct buffer constructor: unavailable
java.lang.UnsupportedOperationException: Reflective setAccessible(true) disabled
	at io.netty.util.internal.ReflectionUtil.trySetAccessible(ReflectionUtil.java:31) ~[netty-common-4.1.58.Final.jar:4.1.58.Final]
	at io.netty.util.internal.PlatformDependent0$4.run(PlatformDependent0.java:238) ~[netty-common-4.1.58.Final.jar:4.1.58.Final]
	at java.security.AccessController.doPrivileged(AccessController.java:312) ~[?:?]
	at io.netty.util.internal.PlatformDependent0.<clinit>(PlatformDependent0.java:232) ~[netty-common-4.1.58.Final.jar:4.1.58.Final]
	at io.netty.util.internal.PlatformDependent.isAndroid(PlatformDependent.java:293) ~[netty-common-4.1.58.Final.jar:4.1.58.Final]
	at io.netty.util.internal.PlatformDependent.<clinit>(PlatformDependent.java:92) ~[netty-common-4.1.58.Final.jar:4.1.58.Final]
	at io.netty.util.HashedWheelTimer.<init>(HashedWheelTimer.java:109) ~[netty-common-4.1.58.Final.jar:4.1.58.Final]
	at io.netty.util.HashedWheelTimer.<init>(HashedWheelTimer.java:218) ~[netty-common-4.1.58.Final.jar:4.1.58.Final]
	at io.netty.util.HashedWheelTimer.<init>(HashedWheelTimer.java:197) ~[netty-common-4.1.58.Final.jar:4.1.58.Final]
	at org.asynchttpclient.DefaultAsyncHttpClient.newNettyTimer(DefaultAsyncHttpClient.java:111) ~[async-http-client-2.12.2.jar:?]
	at org.asynchttpclient.DefaultAsyncHttpClient.<init>(DefaultAsyncHttpClient.java:90) ~[async-http-client-2.12.2.jar:?]
	at org.asynchttpclient.Dsl.asyncHttpClient(Dsl.java:32) ~[async-http-client-2.12.2.jar:?]
	at org.openqa.selenium.remote.http.netty.NettyClient.createHttpClient(NettyClient.java:98) ~[selenium-remote-driver-4.0.0-beta-2.jar:?]
	at org.openqa.selenium.remote.http.netty.NettyClient.<clinit>(NettyClient.java:51) ~[selenium-remote-driver-4.0.0-beta-2.jar:?]
	at org.openqa.selenium.remote.http.netty.NettyClient$Factory.createClient(NettyClient.java:147) ~[selenium-remote-driver-4.0.0-beta-2.jar:?]
	at org.openqa.selenium.remote.HttpCommandExecutor.<init>(HttpCommandExecutor.java:110) ~[selenium-remote-driver-4.0.0-beta-2.jar:?]
	at org.openqa.selenium.remote.HttpCommandExecutor.<init>(HttpCommandExecutor.java:96) ~[selenium-remote-driver-4.0.0-beta-2.jar:?]
	at org.openqa.selenium.remote.HttpCommandExecutor.<init>(HttpCommandExecutor.java:86) ~[selenium-remote-driver-4.0.0-beta-2.jar:?]
	at org.openqa.selenium.remote.service.DriverCommandExecutor.<init>(DriverCommandExecutor.java:68) ~[selenium-remote-driver-4.0.0-beta-2.jar:?]
	at org.openqa.selenium.chromium.ChromiumDriverCommandExecutor.<init>(ChromiumDriverCommandExecutor.java:78) ~[selenium-chromium-driver-4.0.0-beta-2.jar:?]
	at org.openqa.selenium.chrome.ChromeDriver.<init>(ChromeDriver.java:99) ~[selenium-chrome-driver-4.0.0-beta-2.jar:?]
	at org.openqa.selenium.chrome.ChromeDriver.<init>(ChromeDriver.java:86) ~[selenium-chrome-driver-4.0.0-beta-2.jar:?]
	at org.openqa.selenium.chrome.ChromeDriver.<init>(ChromeDriver.java:41) ~[selenium-chrome-driver-4.0.0-beta-2.jar:?]
	at testBase.BaseClass.setup(BaseClass.java:42) ~[test-classes/:?]
	at jdk.internal.reflect.NativeMethodAccessorImpl.invoke0(Native Method) ~[?:?]
	at jdk.internal.reflect.NativeMethodAccessorImpl.invoke(NativeMethodAccessorImpl.java:64) ~[?:?]
	at jdk.internal.reflect.DelegatingMethodAccessorImpl.invoke(DelegatingMethodAccessorImpl.java:43) ~[?:?]
	at java.lang.reflect.Method.invoke(Method.java:564) ~[?:?]
	at org.testng.internal.MethodInvocationHelper.invokeMethod(MethodInvocationHelper.java:132) ~[testng-7.3.0.jar:?]
	at org.testng.internal.MethodInvocationHelper.invokeMethodConsideringTimeout(MethodInvocationHelper.java:61) ~[testng-7.3.0.jar:?]
	at org.testng.internal.ConfigInvoker.invokeConfigurationMethod(ConfigInvoker.java:366) ~[testng-7.3.0.jar:?]
	at org.testng.internal.ConfigInvoker.invokeConfigurations(ConfigInvoker.java:320) ~[testng-7.3.0.jar:?]
	at org.testng.internal.TestMethodWorker.invokeBeforeClassMethods(TestMethodWorker.java:176) ~[testng-7.3.0.jar:?]
	at org.testng.internal.TestMethodWorker.run(TestMethodWorker.java:122) ~[testng-7.3.0.jar:?]
	at java.util.ArrayList.forEach(ArrayList.java:1511) [?:?]
	at org.testng.TestRunner.privateRun(TestRunner.java:764) [testng-7.3.0.jar:?]
	at org.testng.TestRunner.run(TestRunner.java:585) [testng-7.3.0.jar:?]
	at org.testng.SuiteRunner.runTest(SuiteRunner.java:384) [testng-7.3.0.jar:?]
	at org.testng.SuiteRunner.runSequentially(SuiteRunner.java:378) [testng-7.3.0.jar:?]
	at org.testng.SuiteRunner.privateRun(SuiteRunner.java:337) [testng-7.3.0.jar:?]
	at org.testng.SuiteRunner.run(SuiteRunner.java:286) [testng-7.3.0.jar:?]
	at org.testng.SuiteRunnerWorker.runSuite(SuiteRunnerWorker.java:53) [testng-7.3.0.jar:?]
	at org.testng.SuiteRunnerWorker.run(SuiteRunnerWorker.java:96) [testng-7.3.0.jar:?]
	at org.testng.TestNG.runSuitesSequentially(TestNG.java:1218) [testng-7.3.0.jar:?]
	at org.testng.TestNG.runSuitesLocally(TestNG.java:1140) [testng-7.3.0.jar:?]
	at org.testng.TestNG.runSuites(TestNG.java:1069) [testng-7.3.0.jar:?]
	at org.testng.TestNG.run(TestNG.java:1037) [testng-7.3.0.jar:?]
	at org.testng.remote.AbstractRemoteTestNG.run(AbstractRemoteTestNG.java:115) [testng-remote.jar:?]
	at org.testng.remote.RemoteTestNG.initAndRun(RemoteTestNG.java:251) [testng-remote.jar:?]
	at org.testng.remote.RemoteTestNG.main(RemoteTestNG.java:77) [testng-remote.jar:?]
