23:42:04.177 [Forwarding newSession on session null to remote] DEBUG io.netty.util.NetUtil - -Djava.net.preferIPv4Stack: false
23:42:04.184 [Forwarding newSession on session null to remote] DEBUG io.netty.util.NetUtil - -Djava.net.preferIPv6Addresses: false
23:42:04.391 [Forwarding newSession on session null to remote] DEBUG io.netty.util.NetUtilInitializations - Loopback interface: lo (Software Loopback Interface 1, 127.0.0.1)
23:42:04.392 [Forwarding newSession on session null to remote] DEBUG io.netty.util.NetUtil - Failed to get SOMAXCONN from sysctl and file \proc\sys\net\core\somaxconn. Default: 200
23:42:04.602 [Forwarding newSession on session null to remote] DEBUG io.netty.channel.DefaultChannelId - -Dio.netty.machineId: 7c:7a:91:ff:fe:c5:e1:49 (auto-detected)
23:42:04.725 [AsyncHttpClient-1-2] DEBUG io.netty.buffer.AbstractByteBuf - -Dio.netty.buffer.checkAccessible: true
23:42:04.726 [AsyncHttpClient-1-2] DEBUG io.netty.buffer.AbstractByteBuf - -Dio.netty.buffer.checkBounds: true
23:42:04.726 [AsyncHttpClient-1-2] DEBUG io.netty.util.ResourceLeakDetectorFactory - Loaded default ResourceLeakDetector: io.netty.util.ResourceLeakDetector@12fd2fe9
23:42:04.766 [AsyncHttpClient-1-2] DEBUG io.netty.util.Recycler - -Dio.netty.recycler.maxCapacityPerThread: 4096
23:42:04.766 [AsyncHttpClient-1-2] DEBUG io.netty.util.Recycler - -Dio.netty.recycler.maxSharedCapacityFactor: 2
23:42:04.766 [AsyncHttpClient-1-2] DEBUG io.netty.util.Recycler - -Dio.netty.recycler.linkCapacity: 16
23:42:04.767 [AsyncHttpClient-1-2] DEBUG io.netty.util.Recycler - -Dio.netty.recycler.ratio: 8
23:42:04.767 [AsyncHttpClient-1-2] DEBUG io.netty.util.Recycler - -Dio.netty.recycler.delayedQueue.ratio: 8
23:42:06.077 [main] DEBUG io.netty.util.internal.ThreadLocalRandom - -Dio.netty.initialSeedUniquifier: 0xca6d5c6a0cb2cb4f
23:42:06.135 [main] INFO  testCases.TC_001_AccountRegistration - Launched Chrome Browser
23:42:06.166 [main] INFO  testCases.TC_001_AccountRegistration -  Starting TC_001_AccountRegistration 
23:42:07.601 [main] INFO  testCases.TC_001_AccountRegistration - Home Page Displayed 
23:42:08.298 [main] INFO  testCases.TC_001_AccountRegistration - Clicked on My Account 
23:42:08.799 [main] INFO  testCases.TC_001_AccountRegistration - Clicked on Register 
23:42:08.917 [main] INFO  testCases.TC_001_AccountRegistration - Provided First Name 
23:42:09.016 [main] INFO  testCases.TC_001_AccountRegistration - Provided Last Name 
23:42:09.153 [main] INFO  testCases.TC_001_AccountRegistration - Provided Email 
23:42:09.244 [main] INFO  testCases.TC_001_AccountRegistration - Provided Telephone 
23:42:09.335 [main] INFO  testCases.TC_001_AccountRegistration - Provided Password 
23:42:09.416 [main] INFO  testCases.TC_001_AccountRegistration - Provided Confrmed Password 
23:42:09.488 [main] INFO  testCases.TC_001_AccountRegistration - Set Privacy Policy 
23:42:10.238 [main] INFO  testCases.TC_001_AccountRegistration - Clicked on Continue 
23:42:10.275 [main] INFO  testCases.TC_001_AccountRegistration - Account Registration Success 
23:42:10.277 [main] INFO  testCases.TC_001_AccountRegistration -  Finished TC_001_AccountRegistration 
23:42:11.865 [main] INFO  testCases.TC_002_Login - Launched Chrome Browser
23:42:11.869 [main] INFO  testCases.TC_002_Login - Starting TC_002_Login
23:42:13.610 [main] INFO  testCases.TC_002_Login - Home Page Displayed 
23:42:14.170 [main] INFO  testCases.TC_002_Login - Clicked on My Account 
23:42:14.652 [main] INFO  testCases.TC_002_Login - Clicked on Login 
23:42:14.783 [main] INFO  testCases.TC_002_Login - Provided Email 
23:42:14.883 [main] INFO  testCases.TC_002_Login - Provided Password 
23:42:15.636 [main] INFO  testCases.TC_002_Login - Clicked on Login
23:42:15.704 [main] INFO  testCases.TC_002_Login - Login Success 
23:42:15.704 [main] INFO  testCases.TC_002_Login -  Finished TC_002_Login 
23:42:16.614 [AsyncHttpClient-1-3] DEBUG io.netty.buffer.PoolThreadCache - Freed 2 thread-local buffer(s) from thread: AsyncHttpClient-1-3
23:42:16.614 [AsyncHttpClient-1-4] DEBUG io.netty.buffer.PoolThreadCache - Freed 3 thread-local buffer(s) from thread: AsyncHttpClient-1-4
